<?xml version="1.0" encoding="UTF-8"?>
<!-- Generated by org.testng.reporters.JUnitReportReporter -->
<testsuite hostname="DESKTOP-QJ1A9J0" failures="0" tests="3" name="tests.SuperPharm" time="13.649" errors="1" timestamp="2021-02-14T17:02:03 IST" skipped="2">
  <testcase classname="tests.SuperPharm" name="beforeClass" time="13.649">
    <error message="session not created
from chrome not reachable
  (Session info: chrome=88.0.4324.150)
Build info: version: &#039;3.141.59&#039;, revision: &#039;e82be7d358&#039;, time: &#039;2018-11-14T08:25:48&#039;
System info: host: &#039;DESKTOP-QJ1A9J0&#039;, ip: &#039;192.168.78.31&#039;, os.name: &#039;Windows 10&#039;, os.arch: &#039;amd64&#039;, os.version: &#039;10.0&#039;, java.version: &#039;14&#039;
Driver info: driver.version: GetDriver
remote stacktrace: Backtrace:
	Ordinal0 [0x00B2C0C3+3326147]
	Ordinal0 [0x00A10851+2164817]
	Ordinal0 [0x00897140+618816]
	Ordinal0 [0x0088D404+578564]
	Ordinal0 [0x0088DACB+580299]
	Ordinal0 [0x0088ED35+585013]
	Ordinal0 [0x00889D61+564577]
	Ordinal0 [0x008982C0+623296]
	Ordinal0 [0x00836BDD+224221]
	Ordinal0 [0x00835CAC+220332]
	Ordinal0 [0x0083189B+202907]
	Ordinal0 [0x00813DF4+81396]
	Ordinal0 [0x00814DEE+85486]
	Ordinal0 [0x00814D79+85369]
	Ordinal0 [0x00A285DC+2262492]
	GetHandleVerifier [0x00CB2874+1487204]
	GetHandleVerifier [0x00CB23CD+1486013]
	GetHandleVerifier [0x00CBA368+1518680]
	GetHandleVerifier [0x00CB2F4E+1488958]
	Ordinal0 [0x00A1ED0D+2223373]
	Ordinal0 [0x00A2A12B+2269483]
	Ordinal0 [0x00A2A26F+2269807]
	Ordinal0 [0x00A3ECB8+2354360]
	BaseThreadInitThunk [0x7630FA29+25]
	RtlGetAppContainerNamedObjectPath [0x770A76B4+228]
	RtlGetAppContainerNamedObjectPath [0x770A7684+180]
" type="org.openqa.selenium.SessionNotCreatedException">
      <![CDATA[org.openqa.selenium.SessionNotCreatedException: session not created
from chrome not reachable
  (Session info: chrome=88.0.4324.150)
Build info: version: '3.141.59', revision: 'e82be7d358', time: '2018-11-14T08:25:48'
System info: host: 'DESKTOP-QJ1A9J0', ip: '192.168.78.31', os.name: 'Windows 10', os.arch: 'amd64', os.version: '10.0', java.version: '14'
Driver info: driver.version: GetDriver
remote stacktrace: Backtrace:
Ordinal0 [0x00B2C0C3+3326147]
Ordinal0 [0x00A10851+2164817]
Ordinal0 [0x00897140+618816]
Ordinal0 [0x0088D404+578564]
Ordinal0 [0x0088DACB+580299]
Ordinal0 [0x0088ED35+585013]
Ordinal0 [0x00889D61+564577]
Ordinal0 [0x008982C0+623296]
Ordinal0 [0x00836BDD+224221]
Ordinal0 [0x00835CAC+220332]
Ordinal0 [0x0083189B+202907]
Ordinal0 [0x00813DF4+81396]
Ordinal0 [0x00814DEE+85486]
Ordinal0 [0x00814D79+85369]
Ordinal0 [0x00A285DC+2262492]
GetHandleVerifier [0x00CB2874+1487204]
GetHandleVerifier [0x00CB23CD+1486013]
GetHandleVerifier [0x00CBA368+1518680]
GetHandleVerifier [0x00CB2F4E+1488958]
Ordinal0 [0x00A1ED0D+2223373]
Ordinal0 [0x00A2A12B+2269483]
Ordinal0 [0x00A2A26F+2269807]
Ordinal0 [0x00A3ECB8+2354360]
BaseThreadInitThunk [0x7630FA29+25]
RtlGetAppContainerNamedObjectPath [0x770A76B4+228]
RtlGetAppContainerNamedObjectPath [0x770A7684+180]

at java.base/jdk.internal.reflect.NativeConstructorAccessorImpl.newInstance0(Native Method)
at java.base/jdk.internal.reflect.NativeConstructorAccessorImpl.newInstance(NativeConstructorAccessorImpl.java:62)
at java.base/jdk.internal.reflect.DelegatingConstructorAccessorImpl.newInstance(DelegatingConstructorAccessorImpl.java:45)
at java.base/java.lang.reflect.Constructor.newInstanceWithCaller(Constructor.java:500)
at java.base/java.lang.reflect.Constructor.newInstance(Constructor.java:481)
at org.openqa.selenium.remote.W3CHandshakeResponse.lambda$errorHandler$0(W3CHandshakeResponse.java:62)
at org.openqa.selenium.remote.HandshakeResponse.lambda$getResponseFunction$0(HandshakeResponse.java:30)
at org.openqa.selenium.remote.ProtocolHandshake.lambda$createSession$0(ProtocolHandshake.java:126)
at java.base/java.util.stream.ReferencePipeline$3$1.accept(ReferencePipeline.java:195)
at java.base/java.util.Spliterators$ArraySpliterator.tryAdvance(Spliterators.java:958)
at java.base/java.util.stream.ReferencePipeline.forEachWithCancel(ReferencePipeline.java:127)
at java.base/java.util.stream.AbstractPipeline.copyIntoWithCancel(AbstractPipeline.java:502)
at java.base/java.util.stream.AbstractPipeline.copyInto(AbstractPipeline.java:488)
at java.base/java.util.stream.AbstractPipeline.wrapAndCopyInto(AbstractPipeline.java:474)
at java.base/java.util.stream.FindOps$FindOp.evaluateSequential(FindOps.java:150)
at java.base/java.util.stream.AbstractPipeline.evaluate(AbstractPipeline.java:234)
at java.base/java.util.stream.ReferencePipeline.findFirst(ReferencePipeline.java:543)
at org.openqa.selenium.remote.ProtocolHandshake.createSession(ProtocolHandshake.java:128)
at org.openqa.selenium.remote.ProtocolHandshake.createSession(ProtocolHandshake.java:74)
at org.openqa.selenium.remote.HttpCommandExecutor.execute(HttpCommandExecutor.java:136)
at org.openqa.selenium.remote.service.DriverCommandExecutor.execute(DriverCommandExecutor.java:83)
at org.openqa.selenium.remote.RemoteWebDriver.execute(RemoteWebDriver.java:552)
at org.openqa.selenium.remote.RemoteWebDriver.startSession(RemoteWebDriver.java:213)
at org.openqa.selenium.remote.RemoteWebDriver.<init>(RemoteWebDriver.java:131)
at org.openqa.selenium.chrome.ChromeDriver.<init>(ChromeDriver.java:181)
at org.openqa.selenium.chrome.ChromeDriver.<init>(ChromeDriver.java:168)
at org.openqa.selenium.chrome.ChromeDriver.<init>(ChromeDriver.java:123)
at utilites.GetDriver.getDriver(GetDriver.java:48)
at tests.SuperPharm.beforeClass(SuperPharm.java:55)
at java.base/jdk.internal.reflect.NativeMethodAccessorImpl.invoke0(Native Method)
at java.base/jdk.internal.reflect.NativeMethodAccessorImpl.invoke(NativeMethodAccessorImpl.java:62)
at java.base/jdk.internal.reflect.DelegatingMethodAccessorImpl.invoke(DelegatingMethodAccessorImpl.java:43)
at java.base/java.lang.reflect.Method.invoke(Method.java:564)
at org.testng.internal.MethodInvocationHelper.invokeMethod(MethodInvocationHelper.java:132)
at org.testng.internal.MethodInvocationHelper.invokeMethodConsideringTimeout(MethodInvocationHelper.java:61)
at org.testng.internal.ConfigInvoker.invokeConfigurationMethod(ConfigInvoker.java:366)
at org.testng.internal.ConfigInvoker.invokeConfigurations(ConfigInvoker.java:320)
at org.testng.internal.TestMethodWorker.invokeBeforeClassMethods(TestMethodWorker.java:176)
at org.testng.internal.TestMethodWorker.run(TestMethodWorker.java:122)
at java.base/java.util.ArrayList.forEach(ArrayList.java:1510)
at org.testng.TestRunner.privateRun(TestRunner.java:764)
at org.testng.TestRunner.run(TestRunner.java:585)
at org.testng.SuiteRunner.runTest(SuiteRunner.java:384)
at org.testng.SuiteRunner.runSequentially(SuiteRunner.java:378)
at org.testng.SuiteRunner.privateRun(SuiteRunner.java:337)
at org.testng.SuiteRunner.run(SuiteRunner.java:286)
at org.testng.SuiteRunnerWorker.runSuite(SuiteRunnerWorker.java:53)
at org.testng.SuiteRunnerWorker.run(SuiteRunnerWorker.java:96)
at org.testng.TestNG.runSuitesSequentially(TestNG.java:1218)
at org.testng.TestNG.runSuitesLocally(TestNG.java:1140)
at org.testng.TestNG.runSuites(TestNG.java:1069)
at org.testng.TestNG.run(TestNG.java:1037)
at org.testng.remote.AbstractRemoteTestNG.run(AbstractRemoteTestNG.java:115)
at org.testng.remote.RemoteTestNG.initAndRun(RemoteTestNG.java:251)
at org.testng.remote.RemoteTestNG.main(RemoteTestNG.java:77)
]]>
    </error>
  </testcase> <!-- beforeClass -->
  <system-out/>
  <testcase classname="tests.SuperPharm" name="searchForProduct" time="0.000">
    <skipped/>
  </testcase> <!-- searchForProduct -->
  <system-out/>
  <testcase classname="tests.SuperPharm" name="addToCart" time="0.000">
    <skipped/>
  </testcase> <!-- addToCart -->
  <system-out/>
</testsuite> <!-- tests.SuperPharm -->
